This file contains any messages produced by compilers while
running configure, to aid debugging if configure makes a mistake.

It was created by e2guardian configure 3.0.4, which was
generated by GNU Autoconf 2.69.  Invocation command line was

  $ ./configure --enable-pcre=no --enable-clamd=no --enable-segv-backtrace=no -enable-avastd=no --enable-icap=no --enable-kavd=no --enable-ntlm=no --sysconfdir=/system/etc --with-sysconfsubdir=e2guardian --prefix=

## --------- ##
## Platform. ##
## --------- ##

hostname = cosmos
uname -m = x86_64
uname -r = 4.0.4-2-ARCH
uname -s = Linux
uname -v = #1 SMP PREEMPT Fri May 22 03:05:23 UTC 2015

/usr/bin/uname -p = unknown
/bin/uname -X     = unknown

/bin/arch              = unknown
/usr/bin/arch -k       = unknown
/usr/convex/getsysinfo = unknown
/usr/bin/hostinfo      = unknown
/bin/machine           = unknown
/usr/bin/oslevel       = unknown
/bin/universe          = unknown

PATH: /home/optedoblivion/.bin
PATH: /opt/android-sdk
PATH: /home/optedoblivion/.bin
PATH: /opt/android-sdk
PATH: /usr/local/sbin
PATH: /usr/local/bin
PATH: /usr/bin
PATH: /opt/android-ndk
PATH: /opt/android-sdk/platform-tools
PATH: /opt/android-sdk/tools
PATH: /usr/lib/jvm/default/bin
PATH: /usr/bin/site_perl
PATH: /usr/bin/vendor_perl
PATH: /usr/bin/core_perl


## ----------- ##
## Core tests. ##
## ----------- ##

configure:2511: checking for a BSD-compatible install
configure:2579: result: /usr/bin/install -c
configure:2590: checking whether build environment is sane
configure:2645: result: yes
configure:2683: WARNING: 'missing' script is too old or missing
configure:2796: checking for a thread-safe mkdir -p
configure:2835: result: /usr/bin/mkdir -p
configure:2842: checking for gawk
configure:2858: found /usr/bin/gawk
configure:2869: result: gawk
configure:2880: checking whether make sets $(MAKE)
configure:2902: result: yes
configure:2931: checking whether make supports nested variables
configure:2948: result: yes
configure:3154: checking for g++
configure:3170: found /usr/bin/g++
configure:3181: result: g++
configure:3208: checking for C++ compiler version
configure:3217: g++ --version >&5
g++ (GCC) 5.1.0
Copyright (C) 2015 Free Software Foundation, Inc.
This is free software; see the source for copying conditions.  There is NO
warranty; not even for MERCHANTABILITY or FITNESS FOR A PARTICULAR PURPOSE.

configure:3228: $? = 0
configure:3217: g++ -v >&5
Using built-in specs.
COLLECT_GCC=g++
COLLECT_LTO_WRAPPER=/usr/lib/gcc/x86_64-unknown-linux-gnu/5.1.0/lto-wrapper
Target: x86_64-unknown-linux-gnu
Configured with: /build/gcc-multilib/src/gcc-5-20150519/configure --prefix=/usr --libdir=/usr/lib --libexecdir=/usr/lib --mandir=/usr/share/man --infodir=/usr/share/info --with-bugurl=https://bugs.archlinux.org/ --enable-languages=c,c++,ada,fortran,go,lto,objc,obj-c++ --enable-shared --enable-threads=posix --enable-libmpx --with-system-zlib --with-isl --enable-__cxa_atexit --disable-libunwind-exceptions --enable-clocale=gnu --disable-libstdcxx-pch --disable-libssp --enable-gnu-unique-object --enable-linker-build-id --enable-lto --enable-plugin --enable-install-libiberty --with-linker-hash-style=gnu --enable-gnu-indirect-function --enable-multilib --disable-werror --enable-checking=release --with-default-libstdcxx-abi=c++98
Thread model: posix
gcc version 5.1.0 (GCC) 
configure:3228: $? = 0
configure:3217: g++ -V >&5
g++: error: unrecognized command line option '-V'
g++: fatal error: no input files
compilation terminated.
configure:3228: $? = 1
configure:3217: g++ -qversion >&5
g++: error: unrecognized command line option '-qversion'
g++: fatal error: no input files
compilation terminated.
configure:3228: $? = 1
configure:3248: checking whether the C++ compiler works
configure:3270: g++    conftest.cpp  >&5
configure:3274: $? = 0
configure:3322: result: yes
configure:3325: checking for C++ compiler default output file name
configure:3327: result: a.out
configure:3333: checking for suffix of executables
configure:3340: g++ -o conftest    conftest.cpp  >&5
configure:3344: $? = 0
configure:3366: result: 
configure:3388: checking whether we are cross compiling
configure:3396: g++ -o conftest    conftest.cpp  >&5
configure:3400: $? = 0
configure:3407: ./conftest
configure:3411: $? = 0
configure:3426: result: no
configure:3431: checking for suffix of object files
configure:3453: g++ -c   conftest.cpp >&5
configure:3457: $? = 0
configure:3478: result: o
configure:3482: checking whether we are using the GNU C++ compiler
configure:3501: g++ -c   conftest.cpp >&5
configure:3501: $? = 0
configure:3510: result: yes
configure:3519: checking whether g++ accepts -g
configure:3539: g++ -c -g  conftest.cpp >&5
configure:3539: $? = 0
configure:3580: result: yes
configure:3614: checking for style of include used by make
configure:3642: result: GNU
configure:3668: checking dependency style of g++
configure:3779: result: gcc3
configure:3842: checking for gcc
configure:3858: found /usr/bin/gcc
configure:3869: result: gcc
configure:4098: checking for C compiler version
configure:4107: gcc --version >&5
gcc (GCC) 5.1.0
Copyright (C) 2015 Free Software Foundation, Inc.
This is free software; see the source for copying conditions.  There is NO
warranty; not even for MERCHANTABILITY or FITNESS FOR A PARTICULAR PURPOSE.

configure:4118: $? = 0
configure:4107: gcc -v >&5
Using built-in specs.
COLLECT_GCC=gcc
COLLECT_LTO_WRAPPER=/usr/lib/gcc/x86_64-unknown-linux-gnu/5.1.0/lto-wrapper
Target: x86_64-unknown-linux-gnu
Configured with: /build/gcc-multilib/src/gcc-5-20150519/configure --prefix=/usr --libdir=/usr/lib --libexecdir=/usr/lib --mandir=/usr/share/man --infodir=/usr/share/info --with-bugurl=https://bugs.archlinux.org/ --enable-languages=c,c++,ada,fortran,go,lto,objc,obj-c++ --enable-shared --enable-threads=posix --enable-libmpx --with-system-zlib --with-isl --enable-__cxa_atexit --disable-libunwind-exceptions --enable-clocale=gnu --disable-libstdcxx-pch --disable-libssp --enable-gnu-unique-object --enable-linker-build-id --enable-lto --enable-plugin --enable-install-libiberty --with-linker-hash-style=gnu --enable-gnu-indirect-function --enable-multilib --disable-werror --enable-checking=release --with-default-libstdcxx-abi=c++98
Thread model: posix
gcc version 5.1.0 (GCC) 
configure:4118: $? = 0
configure:4107: gcc -V >&5
gcc: error: unrecognized command line option '-V'
gcc: fatal error: no input files
compilation terminated.
configure:4118: $? = 1
configure:4107: gcc -qversion >&5
gcc: error: unrecognized command line option '-qversion'
gcc: fatal error: no input files
compilation terminated.
configure:4118: $? = 1
configure:4122: checking whether we are using the GNU C compiler
configure:4141: gcc -c   conftest.c >&5
configure:4141: $? = 0
configure:4150: result: yes
configure:4159: checking whether gcc accepts -g
configure:4179: gcc -c -g  conftest.c >&5
configure:4179: $? = 0
configure:4220: result: yes
configure:4237: checking for gcc option to accept ISO C89
configure:4300: gcc  -c -g -O2  conftest.c >&5
configure:4300: $? = 0
configure:4313: result: none needed
configure:4338: checking whether gcc understands -c and -o together
configure:4360: gcc -c conftest.c -o conftest2.o
configure:4363: $? = 0
configure:4360: gcc -c conftest.c -o conftest2.o
configure:4363: $? = 0
configure:4375: result: yes
configure:4394: checking dependency style of gcc
configure:4505: result: gcc3
configure:4525: checking how to run the C preprocessor
configure:4556: gcc -E  conftest.c
configure:4556: $? = 0
configure:4570: gcc -E  conftest.c
conftest.c:11:28: fatal error: ac_nonexistent.h: No such file or directory
compilation terminated.
configure:4570: $? = 1
configure: failed program was:
| /* confdefs.h */
| #define PACKAGE_NAME "e2guardian"
| #define PACKAGE_TARNAME "e2guardian"
| #define PACKAGE_VERSION "3.0.4"
| #define PACKAGE_STRING "e2guardian 3.0.4"
| #define PACKAGE_BUGREPORT ""
| #define PACKAGE_URL ""
| #define PACKAGE "e2guardian"
| #define VERSION "3.0.4"
| /* end confdefs.h.  */
| #include <ac_nonexistent.h>
configure:4595: result: gcc -E
configure:4615: gcc -E  conftest.c
configure:4615: $? = 0
configure:4629: gcc -E  conftest.c
conftest.c:11:28: fatal error: ac_nonexistent.h: No such file or directory
compilation terminated.
configure:4629: $? = 1
configure: failed program was:
| /* confdefs.h */
| #define PACKAGE_NAME "e2guardian"
| #define PACKAGE_TARNAME "e2guardian"
| #define PACKAGE_VERSION "3.0.4"
| #define PACKAGE_STRING "e2guardian 3.0.4"
| #define PACKAGE_BUGREPORT ""
| #define PACKAGE_URL ""
| #define PACKAGE "e2guardian"
| #define VERSION "3.0.4"
| /* end confdefs.h.  */
| #include <ac_nonexistent.h>
configure:4658: checking whether ln -s works
configure:4662: result: yes
configure:4669: checking whether make sets $(MAKE)
configure:4691: result: yes
configure:4801: checking how to run the C++ preprocessor
configure:4828: g++ -E  conftest.cpp
configure:4828: $? = 0
configure:4842: g++ -E  conftest.cpp
conftest.cpp:11:28: fatal error: ac_nonexistent.h: No such file or directory
compilation terminated.
configure:4842: $? = 1
configure: failed program was:
| /* confdefs.h */
| #define PACKAGE_NAME "e2guardian"
| #define PACKAGE_TARNAME "e2guardian"
| #define PACKAGE_VERSION "3.0.4"
| #define PACKAGE_STRING "e2guardian 3.0.4"
| #define PACKAGE_BUGREPORT ""
| #define PACKAGE_URL ""
| #define PACKAGE "e2guardian"
| #define VERSION "3.0.4"
| /* end confdefs.h.  */
| #include <ac_nonexistent.h>
configure:4867: result: g++ -E
configure:4887: g++ -E  conftest.cpp
configure:4887: $? = 0
configure:4901: g++ -E  conftest.cpp
conftest.cpp:11:28: fatal error: ac_nonexistent.h: No such file or directory
compilation terminated.
configure:4901: $? = 1
configure: failed program was:
| /* confdefs.h */
| #define PACKAGE_NAME "e2guardian"
| #define PACKAGE_TARNAME "e2guardian"
| #define PACKAGE_VERSION "3.0.4"
| #define PACKAGE_STRING "e2guardian 3.0.4"
| #define PACKAGE_BUGREPORT ""
| #define PACKAGE_URL ""
| #define PACKAGE "e2guardian"
| #define VERSION "3.0.4"
| /* end confdefs.h.  */
| #include <ac_nonexistent.h>
configure:4930: checking for grep that handles long lines and -e
configure:4988: result: /usr/bin/grep
configure:4993: checking for egrep
configure:5055: result: /usr/bin/grep -E
configure:5060: checking for ANSI C header files
configure:5080: g++ -c -g -O2  conftest.cpp >&5
configure:5080: $? = 0
configure:5153: g++ -o conftest -g -O2   conftest.cpp  >&5
configure:5153: $? = 0
configure:5153: ./conftest
configure:5153: $? = 0
configure:5164: result: yes
configure:5177: checking for sys/types.h
configure:5177: g++ -c -g -O2  conftest.cpp >&5
configure:5177: $? = 0
configure:5177: result: yes
configure:5177: checking for sys/stat.h
configure:5177: g++ -c -g -O2  conftest.cpp >&5
configure:5177: $? = 0
configure:5177: result: yes
configure:5177: checking for stdlib.h
configure:5177: g++ -c -g -O2  conftest.cpp >&5
configure:5177: $? = 0
configure:5177: result: yes
configure:5177: checking for string.h
configure:5177: g++ -c -g -O2  conftest.cpp >&5
configure:5177: $? = 0
configure:5177: result: yes
configure:5177: checking for memory.h
configure:5177: g++ -c -g -O2  conftest.cpp >&5
configure:5177: $? = 0
configure:5177: result: yes
configure:5177: checking for strings.h
configure:5177: g++ -c -g -O2  conftest.cpp >&5
configure:5177: $? = 0
configure:5177: result: yes
configure:5177: checking for inttypes.h
configure:5177: g++ -c -g -O2  conftest.cpp >&5
configure:5177: $? = 0
configure:5177: result: yes
configure:5177: checking for stdint.h
configure:5177: g++ -c -g -O2  conftest.cpp >&5
configure:5177: $? = 0
configure:5177: result: yes
configure:5177: checking for unistd.h
configure:5177: g++ -c -g -O2  conftest.cpp >&5
configure:5177: $? = 0
configure:5177: result: yes
configure:5192: checking arpa/inet.h usability
configure:5192: g++ -c -g -O2  conftest.cpp >&5
configure:5192: $? = 0
configure:5192: result: yes
configure:5192: checking arpa/inet.h presence
configure:5192: g++ -E  conftest.cpp
configure:5192: $? = 0
configure:5192: result: yes
configure:5192: checking for arpa/inet.h
configure:5192: result: yes
configure:5192: checking fcntl.h usability
configure:5192: g++ -c -g -O2  conftest.cpp >&5
configure:5192: $? = 0
configure:5192: result: yes
configure:5192: checking fcntl.h presence
configure:5192: g++ -E  conftest.cpp
configure:5192: $? = 0
configure:5192: result: yes
configure:5192: checking for fcntl.h
configure:5192: result: yes
configure:5192: checking limits.h usability
configure:5192: g++ -c -g -O2  conftest.cpp >&5
configure:5192: $? = 0
configure:5192: result: yes
configure:5192: checking limits.h presence
configure:5192: g++ -E  conftest.cpp
configure:5192: $? = 0
configure:5192: result: yes
configure:5192: checking for limits.h
configure:5192: result: yes
configure:5192: checking netdb.h usability
configure:5192: g++ -c -g -O2  conftest.cpp >&5
configure:5192: $? = 0
configure:5192: result: yes
configure:5192: checking netdb.h presence
configure:5192: g++ -E  conftest.cpp
configure:5192: $? = 0
configure:5192: result: yes
configure:5192: checking for netdb.h
configure:5192: result: yes
configure:5192: checking netinet/in.h usability
configure:5192: g++ -c -g -O2  conftest.cpp >&5
configure:5192: $? = 0
configure:5192: result: yes
configure:5192: checking netinet/in.h presence
configure:5192: g++ -E  conftest.cpp
configure:5192: $? = 0
configure:5192: result: yes
configure:5192: checking for netinet/in.h
configure:5192: result: yes
configure:5192: checking for stdlib.h
configure:5192: result: yes
configure:5205: checking for string.h
configure:5205: result: yes
configure:5205: checking sys/socket.h usability
configure:5205: g++ -c -g -O2  conftest.cpp >&5
configure:5205: $? = 0
configure:5205: result: yes
configure:5205: checking sys/socket.h presence
configure:5205: g++ -E  conftest.cpp
configure:5205: $? = 0
configure:5205: result: yes
configure:5205: checking for sys/socket.h
configure:5205: result: yes
configure:5205: checking sys/time.h usability
configure:5205: g++ -c -g -O2  conftest.cpp >&5
configure:5205: $? = 0
configure:5205: result: yes
configure:5205: checking sys/time.h presence
configure:5205: g++ -E  conftest.cpp
configure:5205: $? = 0
configure:5205: result: yes
configure:5205: checking for sys/time.h
configure:5205: result: yes
configure:5205: checking syslog.h usability
configure:5205: g++ -c -g -O2  conftest.cpp >&5
configure:5205: $? = 0
configure:5205: result: yes
configure:5205: checking syslog.h presence
configure:5205: g++ -E  conftest.cpp
configure:5205: $? = 0
configure:5205: result: yes
configure:5205: checking for syslog.h
configure:5205: result: yes
configure:5205: checking for unistd.h
configure:5205: result: yes
configure:5205: checking locale.h usability
configure:5205: g++ -c -g -O2  conftest.cpp >&5
configure:5205: $? = 0
configure:5205: result: yes
configure:5205: checking locale.h presence
configure:5205: g++ -E  conftest.cpp
configure:5205: $? = 0
configure:5205: result: yes
configure:5205: checking for locale.h
configure:5205: result: yes
configure:5218: checking for sys/types.h
configure:5218: result: yes
configure:5218: checking sys/un.h usability
configure:5218: g++ -c -g -O2  conftest.cpp >&5
configure:5218: $? = 0
configure:5218: result: yes
configure:5218: checking sys/un.h presence
configure:5218: g++ -E  conftest.cpp
configure:5218: $? = 0
configure:5218: result: yes
configure:5218: checking for sys/un.h
configure:5218: result: yes
configure:5218: checking sys/poll.h usability
configure:5218: g++ -c -g -O2  conftest.cpp >&5
configure:5218: $? = 0
configure:5218: result: yes
configure:5218: checking sys/poll.h presence
configure:5218: g++ -E  conftest.cpp
configure:5218: $? = 0
configure:5218: result: yes
configure:5218: checking for sys/poll.h
configure:5218: result: yes
configure:5218: checking sys/resource.h usability
configure:5218: g++ -c -g -O2  conftest.cpp >&5
configure:5218: $? = 0
configure:5218: result: yes
configure:5218: checking sys/resource.h presence
configure:5218: g++ -E  conftest.cpp
configure:5218: $? = 0
configure:5218: result: yes
configure:5218: checking for sys/resource.h
configure:5218: result: yes
configure:5231: checking pwd.h usability
configure:5231: g++ -c -g -O2  conftest.cpp >&5
configure:5231: $? = 0
configure:5231: result: yes
configure:5231: checking pwd.h presence
configure:5231: g++ -E  conftest.cpp
configure:5231: $? = 0
configure:5231: result: yes
configure:5231: checking for pwd.h
configure:5231: result: yes
configure:5231: checking grp.h usability
configure:5231: g++ -c -g -O2  conftest.cpp >&5
configure:5231: $? = 0
configure:5231: result: yes
configure:5231: checking grp.h presence
configure:5231: g++ -E  conftest.cpp
configure:5231: $? = 0
configure:5231: result: yes
configure:5231: checking for grp.h
configure:5231: result: yes
configure:5243: checking byteswap.h usability
configure:5243: g++ -c -g -O2  conftest.cpp >&5
configure:5243: $? = 0
configure:5243: result: yes
configure:5243: checking byteswap.h presence
configure:5243: g++ -E  conftest.cpp
configure:5243: $? = 0
configure:5243: result: yes
configure:5243: checking for byteswap.h
configure:5243: result: yes
configure:5255: checking whether byte ordering is bigendian
configure:5270: g++ -c -g -O2  conftest.cpp >&5
conftest.cpp:41:9: error: expected unqualified-id before 'not' token
         not a universal capable compiler
         ^
configure:5270: $? = 1
configure: failed program was:
| /* confdefs.h */
| #define PACKAGE_NAME "e2guardian"
| #define PACKAGE_TARNAME "e2guardian"
| #define PACKAGE_VERSION "3.0.4"
| #define PACKAGE_STRING "e2guardian 3.0.4"
| #define PACKAGE_BUGREPORT ""
| #define PACKAGE_URL ""
| #define PACKAGE "e2guardian"
| #define VERSION "3.0.4"
| #define STDC_HEADERS 1
| #define HAVE_SYS_TYPES_H 1
| #define HAVE_SYS_STAT_H 1
| #define HAVE_STDLIB_H 1
| #define HAVE_STRING_H 1
| #define HAVE_MEMORY_H 1
| #define HAVE_STRINGS_H 1
| #define HAVE_INTTYPES_H 1
| #define HAVE_STDINT_H 1
| #define HAVE_UNISTD_H 1
| #define HAVE_ARPA_INET_H 1
| #define HAVE_FCNTL_H 1
| #define HAVE_LIMITS_H 1
| #define HAVE_NETDB_H 1
| #define HAVE_NETINET_IN_H 1
| #define HAVE_STDLIB_H 1
| #define HAVE_STRING_H 1
| #define HAVE_SYS_SOCKET_H 1
| #define HAVE_SYS_TIME_H 1
| #define HAVE_SYSLOG_H 1
| #define HAVE_UNISTD_H 1
| #define HAVE_LOCALE_H 1
| #define HAVE_SYS_TYPES_H 1
| #define HAVE_SYS_UN_H 1
| #define HAVE_SYS_POLL_H 1
| #define HAVE_SYS_RESOURCE_H 1
| #define HAVE_PWD_H 1
| #define HAVE_GRP_H 1
| #define HAVE_BYTESWAP_H 1
| /* end confdefs.h.  */
| #ifndef __APPLE_CC__
| 	       not a universal capable compiler
| 	     #endif
| 	     typedef int dummy;
| 
configure:5315: g++ -c -g -O2  conftest.cpp >&5
configure:5315: $? = 0
configure:5333: g++ -c -g -O2  conftest.cpp >&5
conftest.cpp: In function 'int main()':
conftest.cpp:47:8: error: 'big' was not declared in this scope
    not big endian
        ^
configure:5333: $? = 1
configure: failed program was:
| /* confdefs.h */
| #define PACKAGE_NAME "e2guardian"
| #define PACKAGE_TARNAME "e2guardian"
| #define PACKAGE_VERSION "3.0.4"
| #define PACKAGE_STRING "e2guardian 3.0.4"
| #define PACKAGE_BUGREPORT ""
| #define PACKAGE_URL ""
| #define PACKAGE "e2guardian"
| #define VERSION "3.0.4"
| #define STDC_HEADERS 1
| #define HAVE_SYS_TYPES_H 1
| #define HAVE_SYS_STAT_H 1
| #define HAVE_STDLIB_H 1
| #define HAVE_STRING_H 1
| #define HAVE_MEMORY_H 1
| #define HAVE_STRINGS_H 1
| #define HAVE_INTTYPES_H 1
| #define HAVE_STDINT_H 1
| #define HAVE_UNISTD_H 1
| #define HAVE_ARPA_INET_H 1
| #define HAVE_FCNTL_H 1
| #define HAVE_LIMITS_H 1
| #define HAVE_NETDB_H 1
| #define HAVE_NETINET_IN_H 1
| #define HAVE_STDLIB_H 1
| #define HAVE_STRING_H 1
| #define HAVE_SYS_SOCKET_H 1
| #define HAVE_SYS_TIME_H 1
| #define HAVE_SYSLOG_H 1
| #define HAVE_UNISTD_H 1
| #define HAVE_LOCALE_H 1
| #define HAVE_SYS_TYPES_H 1
| #define HAVE_SYS_UN_H 1
| #define HAVE_SYS_POLL_H 1
| #define HAVE_SYS_RESOURCE_H 1
| #define HAVE_PWD_H 1
| #define HAVE_GRP_H 1
| #define HAVE_BYTESWAP_H 1
| /* end confdefs.h.  */
| #include <sys/types.h>
| 		#include <sys/param.h>
| 
| int
| main ()
| {
| #if BYTE_ORDER != BIG_ENDIAN
| 		 not big endian
| 		#endif
| 
|   ;
|   return 0;
| }
configure:5461: result: no
configure:5481: checking if zlib should be statically linked
configure:5498: result: no
configure:5504: checking for zlib
configure:5529: checking zlib.h usability
configure:5529: g++ -c -g -O2  conftest.cpp >&5
configure:5529: $? = 0
configure:5529: result: yes
configure:5529: checking zlib.h presence
configure:5529: g++ -E  conftest.cpp
configure:5529: $? = 0
configure:5529: result: yes
configure:5529: checking for zlib.h
configure:5529: result: yes
configure:5540: checking for gzdopen in -lz
configure:5565: g++ -o conftest -g -O2   conftest.cpp -lz  -lz  >&5
configure:5565: $? = 0
configure:5574: result: yes
configure:5577: result: yes
configure:5672: checking for pid_t
configure:5672: g++ -c -g -O2  conftest.cpp >&5
configure:5672: $? = 0
configure:5672: g++ -c -g -O2  conftest.cpp >&5
conftest.cpp: In function 'int main()':
conftest.cpp:77:19: error: expected primary-expression before ')' token
 if (sizeof ((pid_t)))
                   ^
configure:5672: $? = 1
configure: failed program was:
| /* confdefs.h */
| #define PACKAGE_NAME "e2guardian"
| #define PACKAGE_TARNAME "e2guardian"
| #define PACKAGE_VERSION "3.0.4"
| #define PACKAGE_STRING "e2guardian 3.0.4"
| #define PACKAGE_BUGREPORT ""
| #define PACKAGE_URL ""
| #define PACKAGE "e2guardian"
| #define VERSION "3.0.4"
| #define STDC_HEADERS 1
| #define HAVE_SYS_TYPES_H 1
| #define HAVE_SYS_STAT_H 1
| #define HAVE_STDLIB_H 1
| #define HAVE_STRING_H 1
| #define HAVE_MEMORY_H 1
| #define HAVE_STRINGS_H 1
| #define HAVE_INTTYPES_H 1
| #define HAVE_STDINT_H 1
| #define HAVE_UNISTD_H 1
| #define HAVE_ARPA_INET_H 1
| #define HAVE_FCNTL_H 1
| #define HAVE_LIMITS_H 1
| #define HAVE_NETDB_H 1
| #define HAVE_NETINET_IN_H 1
| #define HAVE_STDLIB_H 1
| #define HAVE_STRING_H 1
| #define HAVE_SYS_SOCKET_H 1
| #define HAVE_SYS_TIME_H 1
| #define HAVE_SYSLOG_H 1
| #define HAVE_UNISTD_H 1
| #define HAVE_LOCALE_H 1
| #define HAVE_SYS_TYPES_H 1
| #define HAVE_SYS_UN_H 1
| #define HAVE_SYS_POLL_H 1
| #define HAVE_SYS_RESOURCE_H 1
| #define HAVE_PWD_H 1
| #define HAVE_GRP_H 1
| #define HAVE_BYTESWAP_H 1
| #define HAVE_ZLIB_H 1
| /* end confdefs.h.  */
| #include <stdio.h>
| #ifdef HAVE_SYS_TYPES_H
| # include <sys/types.h>
| #endif
| #ifdef HAVE_SYS_STAT_H
| # include <sys/stat.h>
| #endif
| #ifdef STDC_HEADERS
| # include <stdlib.h>
| # include <stddef.h>
| #else
| # ifdef HAVE_STDLIB_H
| #  include <stdlib.h>
| # endif
| #endif
| #ifdef HAVE_STRING_H
| # if !defined STDC_HEADERS && defined HAVE_MEMORY_H
| #  include <memory.h>
| # endif
| # include <string.h>
| #endif
| #ifdef HAVE_STRINGS_H
| # include <strings.h>
| #endif
| #ifdef HAVE_INTTYPES_H
| # include <inttypes.h>
| #endif
| #ifdef HAVE_STDINT_H
| # include <stdint.h>
| #endif
| #ifdef HAVE_UNISTD_H
| # include <unistd.h>
| #endif
| int
| main ()
| {
| if (sizeof ((pid_t)))
| 	    return 0;
|   ;
|   return 0;
| }
configure:5672: result: yes
configure:5683: checking for size_t
configure:5683: g++ -c -g -O2  conftest.cpp >&5
configure:5683: $? = 0
configure:5683: g++ -c -g -O2  conftest.cpp >&5
conftest.cpp: In function 'int main()':
conftest.cpp:77:20: error: expected primary-expression before ')' token
 if (sizeof ((size_t)))
                    ^
configure:5683: $? = 1
configure: failed program was:
| /* confdefs.h */
| #define PACKAGE_NAME "e2guardian"
| #define PACKAGE_TARNAME "e2guardian"
| #define PACKAGE_VERSION "3.0.4"
| #define PACKAGE_STRING "e2guardian 3.0.4"
| #define PACKAGE_BUGREPORT ""
| #define PACKAGE_URL ""
| #define PACKAGE "e2guardian"
| #define VERSION "3.0.4"
| #define STDC_HEADERS 1
| #define HAVE_SYS_TYPES_H 1
| #define HAVE_SYS_STAT_H 1
| #define HAVE_STDLIB_H 1
| #define HAVE_STRING_H 1
| #define HAVE_MEMORY_H 1
| #define HAVE_STRINGS_H 1
| #define HAVE_INTTYPES_H 1
| #define HAVE_STDINT_H 1
| #define HAVE_UNISTD_H 1
| #define HAVE_ARPA_INET_H 1
| #define HAVE_FCNTL_H 1
| #define HAVE_LIMITS_H 1
| #define HAVE_NETDB_H 1
| #define HAVE_NETINET_IN_H 1
| #define HAVE_STDLIB_H 1
| #define HAVE_STRING_H 1
| #define HAVE_SYS_SOCKET_H 1
| #define HAVE_SYS_TIME_H 1
| #define HAVE_SYSLOG_H 1
| #define HAVE_UNISTD_H 1
| #define HAVE_LOCALE_H 1
| #define HAVE_SYS_TYPES_H 1
| #define HAVE_SYS_UN_H 1
| #define HAVE_SYS_POLL_H 1
| #define HAVE_SYS_RESOURCE_H 1
| #define HAVE_PWD_H 1
| #define HAVE_GRP_H 1
| #define HAVE_BYTESWAP_H 1
| #define HAVE_ZLIB_H 1
| /* end confdefs.h.  */
| #include <stdio.h>
| #ifdef HAVE_SYS_TYPES_H
| # include <sys/types.h>
| #endif
| #ifdef HAVE_SYS_STAT_H
| # include <sys/stat.h>
| #endif
| #ifdef STDC_HEADERS
| # include <stdlib.h>
| # include <stddef.h>
| #else
| # ifdef HAVE_STDLIB_H
| #  include <stdlib.h>
| # endif
| #endif
| #ifdef HAVE_STRING_H
| # if !defined STDC_HEADERS && defined HAVE_MEMORY_H
| #  include <memory.h>
| # endif
| # include <string.h>
| #endif
| #ifdef HAVE_STRINGS_H
| # include <strings.h>
| #endif
| #ifdef HAVE_INTTYPES_H
| # include <inttypes.h>
| #endif
| #ifdef HAVE_STDINT_H
| # include <stdint.h>
| #endif
| #ifdef HAVE_UNISTD_H
| # include <unistd.h>
| #endif
| int
| main ()
| {
| if (sizeof ((size_t)))
| 	    return 0;
|   ;
|   return 0;
| }
configure:5683: result: yes
configure:5694: checking for off_t
configure:5694: g++ -c -g -O2  conftest.cpp >&5
configure:5694: $? = 0
configure:5694: g++ -c -g -O2  conftest.cpp >&5
conftest.cpp: In function 'int main()':
conftest.cpp:77:19: error: expected primary-expression before ')' token
 if (sizeof ((off_t)))
                   ^
configure:5694: $? = 1
configure: failed program was:
| /* confdefs.h */
| #define PACKAGE_NAME "e2guardian"
| #define PACKAGE_TARNAME "e2guardian"
| #define PACKAGE_VERSION "3.0.4"
| #define PACKAGE_STRING "e2guardian 3.0.4"
| #define PACKAGE_BUGREPORT ""
| #define PACKAGE_URL ""
| #define PACKAGE "e2guardian"
| #define VERSION "3.0.4"
| #define STDC_HEADERS 1
| #define HAVE_SYS_TYPES_H 1
| #define HAVE_SYS_STAT_H 1
| #define HAVE_STDLIB_H 1
| #define HAVE_STRING_H 1
| #define HAVE_MEMORY_H 1
| #define HAVE_STRINGS_H 1
| #define HAVE_INTTYPES_H 1
| #define HAVE_STDINT_H 1
| #define HAVE_UNISTD_H 1
| #define HAVE_ARPA_INET_H 1
| #define HAVE_FCNTL_H 1
| #define HAVE_LIMITS_H 1
| #define HAVE_NETDB_H 1
| #define HAVE_NETINET_IN_H 1
| #define HAVE_STDLIB_H 1
| #define HAVE_STRING_H 1
| #define HAVE_SYS_SOCKET_H 1
| #define HAVE_SYS_TIME_H 1
| #define HAVE_SYSLOG_H 1
| #define HAVE_UNISTD_H 1
| #define HAVE_LOCALE_H 1
| #define HAVE_SYS_TYPES_H 1
| #define HAVE_SYS_UN_H 1
| #define HAVE_SYS_POLL_H 1
| #define HAVE_SYS_RESOURCE_H 1
| #define HAVE_PWD_H 1
| #define HAVE_GRP_H 1
| #define HAVE_BYTESWAP_H 1
| #define HAVE_ZLIB_H 1
| /* end confdefs.h.  */
| #include <stdio.h>
| #ifdef HAVE_SYS_TYPES_H
| # include <sys/types.h>
| #endif
| #ifdef HAVE_SYS_STAT_H
| # include <sys/stat.h>
| #endif
| #ifdef STDC_HEADERS
| # include <stdlib.h>
| # include <stddef.h>
| #else
| # ifdef HAVE_STDLIB_H
| #  include <stdlib.h>
| # endif
| #endif
| #ifdef HAVE_STRING_H
| # if !defined STDC_HEADERS && defined HAVE_MEMORY_H
| #  include <memory.h>
| # endif
| # include <string.h>
| #endif
| #ifdef HAVE_STRINGS_H
| # include <strings.h>
| #endif
| #ifdef HAVE_INTTYPES_H
| # include <inttypes.h>
| #endif
| #ifdef HAVE_STDINT_H
| # include <stdint.h>
| #endif
| #ifdef HAVE_UNISTD_H
| # include <unistd.h>
| #endif
| int
| main ()
| {
| if (sizeof ((off_t)))
| 	    return 0;
|   ;
|   return 0;
| }
configure:5694: result: yes
configure:5705: checking for uid_t in sys/types.h
configure:5724: result: yes
configure:5739: checking vfork.h usability
configure:5739: g++ -c -g -O2  conftest.cpp >&5
conftest.cpp:74:19: fatal error: vfork.h: No such file or directory
compilation terminated.
configure:5739: $? = 1
configure: failed program was:
| /* confdefs.h */
| #define PACKAGE_NAME "e2guardian"
| #define PACKAGE_TARNAME "e2guardian"
| #define PACKAGE_VERSION "3.0.4"
| #define PACKAGE_STRING "e2guardian 3.0.4"
| #define PACKAGE_BUGREPORT ""
| #define PACKAGE_URL ""
| #define PACKAGE "e2guardian"
| #define VERSION "3.0.4"
| #define STDC_HEADERS 1
| #define HAVE_SYS_TYPES_H 1
| #define HAVE_SYS_STAT_H 1
| #define HAVE_STDLIB_H 1
| #define HAVE_STRING_H 1
| #define HAVE_MEMORY_H 1
| #define HAVE_STRINGS_H 1
| #define HAVE_INTTYPES_H 1
| #define HAVE_STDINT_H 1
| #define HAVE_UNISTD_H 1
| #define HAVE_ARPA_INET_H 1
| #define HAVE_FCNTL_H 1
| #define HAVE_LIMITS_H 1
| #define HAVE_NETDB_H 1
| #define HAVE_NETINET_IN_H 1
| #define HAVE_STDLIB_H 1
| #define HAVE_STRING_H 1
| #define HAVE_SYS_SOCKET_H 1
| #define HAVE_SYS_TIME_H 1
| #define HAVE_SYSLOG_H 1
| #define HAVE_UNISTD_H 1
| #define HAVE_LOCALE_H 1
| #define HAVE_SYS_TYPES_H 1
| #define HAVE_SYS_UN_H 1
| #define HAVE_SYS_POLL_H 1
| #define HAVE_SYS_RESOURCE_H 1
| #define HAVE_PWD_H 1
| #define HAVE_GRP_H 1
| #define HAVE_BYTESWAP_H 1
| #define HAVE_ZLIB_H 1
| /* end confdefs.h.  */
| #include <stdio.h>
| #ifdef HAVE_SYS_TYPES_H
| # include <sys/types.h>
| #endif
| #ifdef HAVE_SYS_STAT_H
| # include <sys/stat.h>
| #endif
| #ifdef STDC_HEADERS
| # include <stdlib.h>
| # include <stddef.h>
| #else
| # ifdef HAVE_STDLIB_H
| #  include <stdlib.h>
| # endif
| #endif
| #ifdef HAVE_STRING_H
| # if !defined STDC_HEADERS && defined HAVE_MEMORY_H
| #  include <memory.h>
| # endif
| # include <string.h>
| #endif
| #ifdef HAVE_STRINGS_H
| # include <strings.h>
| #endif
| #ifdef HAVE_INTTYPES_H
| # include <inttypes.h>
| #endif
| #ifdef HAVE_STDINT_H
| # include <stdint.h>
| #endif
| #ifdef HAVE_UNISTD_H
| # include <unistd.h>
| #endif
| #include <vfork.h>
configure:5739: result: no
configure:5739: checking vfork.h presence
configure:5739: g++ -E  conftest.cpp
conftest.cpp:41:19: fatal error: vfork.h: No such file or directory
compilation terminated.
configure:5739: $? = 1
configure: failed program was:
| /* confdefs.h */
| #define PACKAGE_NAME "e2guardian"
| #define PACKAGE_TARNAME "e2guardian"
| #define PACKAGE_VERSION "3.0.4"
| #define PACKAGE_STRING "e2guardian 3.0.4"
| #define PACKAGE_BUGREPORT ""
| #define PACKAGE_URL ""
| #define PACKAGE "e2guardian"
| #define VERSION "3.0.4"
| #define STDC_HEADERS 1
| #define HAVE_SYS_TYPES_H 1
| #define HAVE_SYS_STAT_H 1
| #define HAVE_STDLIB_H 1
| #define HAVE_STRING_H 1
| #define HAVE_MEMORY_H 1
| #define HAVE_STRINGS_H 1
| #define HAVE_INTTYPES_H 1
| #define HAVE_STDINT_H 1
| #define HAVE_UNISTD_H 1
| #define HAVE_ARPA_INET_H 1
| #define HAVE_FCNTL_H 1
| #define HAVE_LIMITS_H 1
| #define HAVE_NETDB_H 1
| #define HAVE_NETINET_IN_H 1
| #define HAVE_STDLIB_H 1
| #define HAVE_STRING_H 1
| #define HAVE_SYS_SOCKET_H 1
| #define HAVE_SYS_TIME_H 1
| #define HAVE_SYSLOG_H 1
| #define HAVE_UNISTD_H 1
| #define HAVE_LOCALE_H 1
| #define HAVE_SYS_TYPES_H 1
| #define HAVE_SYS_UN_H 1
| #define HAVE_SYS_POLL_H 1
| #define HAVE_SYS_RESOURCE_H 1
| #define HAVE_PWD_H 1
| #define HAVE_GRP_H 1
| #define HAVE_BYTESWAP_H 1
| #define HAVE_ZLIB_H 1
| /* end confdefs.h.  */
| #include <vfork.h>
configure:5739: result: no
configure:5739: checking for vfork.h
configure:5739: result: no
configure:5752: checking for fork
configure:5752: g++ -o conftest -g -O2   conftest.cpp -lz  >&5
configure:5752: $? = 0
configure:5752: result: yes
configure:5752: checking for vfork
configure:5752: g++ -o conftest -g -O2   conftest.cpp -lz  >&5
configure:5752: $? = 0
configure:5752: result: yes
configure:5762: checking for working fork
configure:5784: g++ -o conftest -g -O2   conftest.cpp -lz  >&5
configure:5784: $? = 0
configure:5784: ./conftest
configure:5784: $? = 0
configure:5794: result: yes
configure:5815: checking for working vfork
configure:5925: result: yes
configure:5953: checking for dup2
configure:5953: g++ -o conftest -g -O2   conftest.cpp -lz  >&5
configure:5953: $? = 0
configure:5953: result: yes
configure:5953: checking for gettimeofday
configure:5953: g++ -o conftest -g -O2   conftest.cpp -lz  >&5
configure:5953: $? = 0
configure:5953: result: yes
configure:5953: checking for memset
configure:5953: g++ -o conftest -g -O2   conftest.cpp -lz  >&5
configure:5953: $? = 0
configure:5953: result: yes
configure:5953: checking for select
configure:5953: g++ -o conftest -g -O2   conftest.cpp -lz  >&5
configure:5953: $? = 0
configure:5953: result: yes
configure:5965: checking for strerror
configure:5965: g++ -o conftest -g -O2   conftest.cpp -lz  >&5
configure:5965: $? = 0
configure:5965: result: yes
configure:5965: checking for strstr
configure:5965: g++ -o conftest -g -O2   conftest.cpp -lz  >&5
configure:5965: $? = 0
configure:5965: result: yes
configure:5965: checking for strtol
configure:5965: g++ -o conftest -g -O2   conftest.cpp -lz  >&5
configure:5965: $? = 0
configure:5965: result: yes
configure:5977: checking for setuid
configure:5977: g++ -o conftest -g -O2   conftest.cpp -lz  >&5
configure:5977: $? = 0
configure:5977: result: yes
configure:5977: checking for setgid
configure:5977: g++ -o conftest -g -O2   conftest.cpp -lz  >&5
configure:5977: $? = 0
configure:5977: result: yes
configure:5977: checking for umask
configure:5977: g++ -o conftest -g -O2   conftest.cpp -lz  >&5
configure:5977: $? = 0
configure:5977: result: yes
configure:5977: checking for seteuid
configure:5977: g++ -o conftest -g -O2   conftest.cpp -lz  >&5
configure:5977: $? = 0
configure:5977: result: yes
configure:5977: checking for setreuid
configure:5977: g++ -o conftest -g -O2   conftest.cpp -lz  >&5
configure:5977: $? = 0
configure:5977: result: yes
configure:5977: checking for setlocale
configure:5977: g++ -o conftest -g -O2   conftest.cpp -lz  >&5
configure:5977: $? = 0
configure:5977: result: yes
configure:5986: checking for library containing floor
configure:6017: g++ -o conftest -g -O2   conftest.cpp -lz  >&5
configure:6017: $? = 0
configure:6034: result: none required
configure:6042: checking for library containing gethostbyname
configure:6073: g++ -o conftest -g -O2   conftest.cpp -lz  >&5
configure:6073: $? = 0
configure:6090: result: none required
configure:6098: checking for library containing socket
configure:6129: g++ -o conftest -g -O2   conftest.cpp -lz  >&5
configure:6129: $? = 0
configure:6146: result: none required
configure:6198: checking for library containing inet_aton
configure:6229: g++ -o conftest -g -O2   conftest.cpp -lz  >&5
configure:6229: $? = 0
configure:6246: result: none required
configure:6341: checking for backside with both hands
configure:6343: result: no
configure:6345: checking build os
configure:6351: checking build system type
configure:6365: result: x86_64-unknown-linux-gnu
configure:6385: result: linux-gnu
configure:6388: checking for debug option
configure:6407: result: no
configure:6414: checking for proxy user
configure:6431: result: no
configure:6440: checking for proxy group
configure:6457: result: no
configure:6466: checking for piddir
configure:6483: result: no
configure:6499: checking for logdir
configure:6516: result: no
configure:6585: checking for pkg-config
configure:6603: found /usr/bin/pkg-config
configure:6615: result: /usr/bin/pkg-config
configure:6640: checking pkg-config is at least version 0.9.0
configure:6643: result: yes
configure:6653: checking for PCRE support
configure:6659: result: no
configure:6775: checking for regcomp
configure:6775: g++ -o conftest -g -O2   conftest.cpp -lz  >&5
configure:6775: $? = 0
configure:6775: result: yes
configure:6795: checking for backtrace on segfault support
configure:6800: result: no
configure:6888: checking for large file support
configure:6914: result: yes
configure:6922: checking for original destination IP checking support
configure:6943: result: no
configure:6956: checking for type collision with off_t
configure:6978: g++ -c -g -O2   conftest.cpp >&5
conftest.cpp: In function 'int main()':
conftest.cpp:70:6: error: 'void main()::Foo::f(off_t)' cannot be overloaded
 void f(const off_t);
      ^
conftest.cpp:67:6: error: with 'void main()::Foo::f(long int)'
 void f(const long);
      ^
configure:6978: $? = 1
configure: failed program was:
| /* confdefs.h */
| #define PACKAGE_NAME "e2guardian"
| #define PACKAGE_TARNAME "e2guardian"
| #define PACKAGE_VERSION "3.0.4"
| #define PACKAGE_STRING "e2guardian 3.0.4"
| #define PACKAGE_BUGREPORT ""
| #define PACKAGE_URL ""
| #define PACKAGE "e2guardian"
| #define VERSION "3.0.4"
| #define STDC_HEADERS 1
| #define HAVE_SYS_TYPES_H 1
| #define HAVE_SYS_STAT_H 1
| #define HAVE_STDLIB_H 1
| #define HAVE_STRING_H 1
| #define HAVE_MEMORY_H 1
| #define HAVE_STRINGS_H 1
| #define HAVE_INTTYPES_H 1
| #define HAVE_STDINT_H 1
| #define HAVE_UNISTD_H 1
| #define HAVE_ARPA_INET_H 1
| #define HAVE_FCNTL_H 1
| #define HAVE_LIMITS_H 1
| #define HAVE_NETDB_H 1
| #define HAVE_NETINET_IN_H 1
| #define HAVE_STDLIB_H 1
| #define HAVE_STRING_H 1
| #define HAVE_SYS_SOCKET_H 1
| #define HAVE_SYS_TIME_H 1
| #define HAVE_SYSLOG_H 1
| #define HAVE_UNISTD_H 1
| #define HAVE_LOCALE_H 1
| #define HAVE_SYS_TYPES_H 1
| #define HAVE_SYS_UN_H 1
| #define HAVE_SYS_POLL_H 1
| #define HAVE_SYS_RESOURCE_H 1
| #define HAVE_PWD_H 1
| #define HAVE_GRP_H 1
| #define HAVE_BYTESWAP_H 1
| #define HAVE_ZLIB_H 1
| #define HAVE_FORK 1
| #define HAVE_VFORK 1
| #define HAVE_WORKING_VFORK 1
| #define HAVE_WORKING_FORK 1
| #define HAVE_DUP2 1
| #define HAVE_GETTIMEOFDAY 1
| #define HAVE_MEMSET 1
| #define HAVE_SELECT 1
| #define HAVE_STRERROR 1
| #define HAVE_STRSTR 1
| #define HAVE_STRTOL 1
| #define HAVE_SETUID 1
| #define HAVE_SETGID 1
| #define HAVE_UMASK 1
| #define HAVE_SETEUID 1
| #define HAVE_SETREUID 1
| #define HAVE_SETLOCALE 1
| #define HAVE_REGCOMP 1
| /* end confdefs.h.  */
| 
|  #include <sys/types.h>
| int
| main ()
| {
| 
|  struct Foo{
|   void f(const int);
| void f(const long);
| void f(const long unsigned);
| void f(const unsigned int);
| void f(const off_t);
|  };
|   ;
|   return 0;
| }
| 
configure:6985: result: yes
configure:7000: checking for clamd support
configure:7005: result: no
configure:7041: checking for avastd support
configure:7046: result: no
configure:7082: checking for icap support
configure:7087: result: no
configure:7123: checking for kavd support
configure:7128: result: no
configure:7164: checking for command-line content scanner support
configure:7186: result: no
configure:7222: checking for fancy download manager support
configure:7246: result: yes
configure:7266: checking for total block list support
configure:7289: result: no
configure:7306: checking for local list support
configure:7328: result: no
configure:7345: checking for referer exception support
configure:7365: result: yes
configure:7387: checking for regexp redirects support
configure:7407: result: yes
configure:7429: checking for add header support
configure:7449: result: yes
configure:7471: checking for ssl extra lists support
configure:7491: result: yes
configure:7513: checking for searchwords support
configure:7533: result: yes
configure:7555: checking for legacy log support
configure:7575: result: yes
configure:7597: checking for trickle download manager support
configure:7620: result: no
configure:7647: checking for NTLM support
configure:7652: result: no
configure:7908: checking for DNS support
configure:7929: result: no
configure:7996: checking for email notification support
configure:8018: result: no
configure:8199: checking that generated files are newer than configure
configure:8205: result: done
configure:8317: creating ./config.status

## ---------------------- ##
## Running config.status. ##
## ---------------------- ##

This file was extended by e2guardian config.status 3.0.4, which was
generated by GNU Autoconf 2.69.  Invocation command line was

  CONFIG_FILES    = 
  CONFIG_HEADERS  = 
  CONFIG_LINKS    = 
  CONFIG_COMMANDS = 
  $ ./config.status 

on cosmos

config.status:1026: creating Makefile
config.status:1026: creating data/Makefile
config.status:1026: creating data/languages/Makefile
config.status:1026: creating data/scripts/Makefile
config.status:1026: creating data/scripts/bsd-init
config.status:1026: creating data/scripts/e2guardian
config.status:1026: creating data/scripts/logrotation
config.status:1026: creating data/scripts/solaris-init
config.status:1026: creating data/scripts/systemv-init
config.status:1026: creating migration_installation/installation_or_migration_from_dg.sh
config.status:1026: creating migration_installation/Makefile
config.status:1026: creating doc/Makefile
config.status:1026: creating configs/e2guardian.conf
config.status:1026: creating configs/e2guardianf1.conf
config.status:1026: creating configs/Makefile
config.status:1026: creating configs/lists/Makefile
config.status:1026: creating configs/lists/phraselists/Makefile
config.status:1026: creating configs/lists/blacklists/Makefile
config.status:1026: creating configs/lists/bannedrooms/Makefile
config.status:1026: creating configs/lists/contentscanners/Makefile
config.status:1026: creating configs/lists/weightedphraselist
config.status:1026: creating configs/lists/exceptionphraselist
config.status:1026: creating configs/lists/bannedphraselist
config.status:1026: creating configs/lists/bannedurllist
config.status:1026: creating configs/lists/bannedsitelist
config.status:1026: creating configs/downloadmanagers/Makefile
config.status:1026: creating configs/downloadmanagers/default.conf
config.status:1026: creating configs/downloadmanagers/fancy.conf
config.status:1026: creating configs/downloadmanagers/trickle.conf
config.status:1026: creating configs/contentscanners/Makefile
config.status:1026: creating configs/contentscanners/clamdscan.conf
config.status:1026: creating configs/contentscanners/avastdscan.conf
config.status:1026: creating configs/contentscanners/icapscan.conf
config.status:1026: creating configs/contentscanners/kavdscan.conf
config.status:1026: creating configs/contentscanners/commandlinescan.conf
config.status:1026: creating configs/authplugins/Makefile
config.status:1026: creating configs/authplugins/ip.conf
config.status:1026: creating configs/lists/authplugins/Makefile
config.status:1026: creating configs/lists/downloadmanagers/Makefile
config.status:1026: creating src/Makefile
config.status:1026: creating dgconfig.h
config.status:1255: executing depfiles commands

## ---------------- ##
## Cache variables. ##
## ---------------- ##

ac_cv_build=x86_64-unknown-linux-gnu
ac_cv_c_bigendian=no
ac_cv_c_compiler_gnu=yes
ac_cv_cxx_compiler_gnu=yes
ac_cv_env_CCC_set=
ac_cv_env_CCC_value=
ac_cv_env_CC_set=
ac_cv_env_CC_value=
ac_cv_env_CFLAGS_set=
ac_cv_env_CFLAGS_value=
ac_cv_env_CPPFLAGS_set=
ac_cv_env_CPPFLAGS_value=
ac_cv_env_CPP_set=
ac_cv_env_CPP_value=
ac_cv_env_CXXCPP_set=
ac_cv_env_CXXCPP_value=
ac_cv_env_CXXFLAGS_set=
ac_cv_env_CXXFLAGS_value=
ac_cv_env_CXX_set=
ac_cv_env_CXX_value=
ac_cv_env_LDFLAGS_set=
ac_cv_env_LDFLAGS_value=
ac_cv_env_LIBS_set=
ac_cv_env_LIBS_value=
ac_cv_env_PCRE_CFLAGS_set=
ac_cv_env_PCRE_CFLAGS_value=
ac_cv_env_PCRE_LIBS_set=
ac_cv_env_PCRE_LIBS_value=
ac_cv_env_PKG_CONFIG_LIBDIR_set=
ac_cv_env_PKG_CONFIG_LIBDIR_value=
ac_cv_env_PKG_CONFIG_PATH_set=
ac_cv_env_PKG_CONFIG_PATH_value=
ac_cv_env_PKG_CONFIG_set=
ac_cv_env_PKG_CONFIG_value=
ac_cv_env_build_alias_set=
ac_cv_env_build_alias_value=
ac_cv_env_host_alias_set=
ac_cv_env_host_alias_value=
ac_cv_env_target_alias_set=
ac_cv_env_target_alias_value=
ac_cv_func_dup2=yes
ac_cv_func_fork=yes
ac_cv_func_fork_works=yes
ac_cv_func_gettimeofday=yes
ac_cv_func_memset=yes
ac_cv_func_regcomp=yes
ac_cv_func_select=yes
ac_cv_func_seteuid=yes
ac_cv_func_setgid=yes
ac_cv_func_setlocale=yes
ac_cv_func_setreuid=yes
ac_cv_func_setuid=yes
ac_cv_func_strerror=yes
ac_cv_func_strstr=yes
ac_cv_func_strtol=yes
ac_cv_func_umask=yes
ac_cv_func_vfork=yes
ac_cv_func_vfork_works=yes
ac_cv_header_arpa_inet_h=yes
ac_cv_header_byteswap_h=yes
ac_cv_header_fcntl_h=yes
ac_cv_header_grp_h=yes
ac_cv_header_inttypes_h=yes
ac_cv_header_limits_h=yes
ac_cv_header_locale_h=yes
ac_cv_header_memory_h=yes
ac_cv_header_netdb_h=yes
ac_cv_header_netinet_in_h=yes
ac_cv_header_pwd_h=yes
ac_cv_header_stdc=yes
ac_cv_header_stdint_h=yes
ac_cv_header_stdlib_h=yes
ac_cv_header_string_h=yes
ac_cv_header_strings_h=yes
ac_cv_header_sys_poll_h=yes
ac_cv_header_sys_resource_h=yes
ac_cv_header_sys_socket_h=yes
ac_cv_header_sys_stat_h=yes
ac_cv_header_sys_time_h=yes
ac_cv_header_sys_types_h=yes
ac_cv_header_sys_un_h=yes
ac_cv_header_syslog_h=yes
ac_cv_header_unistd_h=yes
ac_cv_header_vfork_h=no
ac_cv_header_zlib_h=yes
ac_cv_lib_z_gzdopen=yes
ac_cv_objext=o
ac_cv_path_EGREP='/usr/bin/grep -E'
ac_cv_path_GREP=/usr/bin/grep
ac_cv_path_ac_pt_PKG_CONFIG=/usr/bin/pkg-config
ac_cv_path_install='/usr/bin/install -c'
ac_cv_path_mkdir=/usr/bin/mkdir
ac_cv_prog_AWK=gawk
ac_cv_prog_CPP='gcc -E'
ac_cv_prog_CXXCPP='g++ -E'
ac_cv_prog_ac_ct_CC=gcc
ac_cv_prog_ac_ct_CXX=g++
ac_cv_prog_cc_c89=
ac_cv_prog_cc_g=yes
ac_cv_prog_cxx_g=yes
ac_cv_prog_make_make_set=yes
ac_cv_search_floor='none required'
ac_cv_search_gethostbyname='none required'
ac_cv_search_inet_aton='none required'
ac_cv_search_socket='none required'
ac_cv_type_off_t=yes
ac_cv_type_pid_t=yes
ac_cv_type_size_t=yes
ac_cv_type_uid_t=yes
am_cv_CC_dependencies_compiler_type=gcc3
am_cv_CXX_dependencies_compiler_type=gcc3
am_cv_make_support_nested_variables=yes
am_cv_prog_cc_c_o=yes

## ----------------- ##
## Output variables. ##
## ----------------- ##

ACLOCAL='aclocal-1.15'
ADDHEADERSUPPORT=''
ADDHEADER_FALSE='#'
ADDHEADER_TRUE=''
AMDEPBACKSLASH='\'
AMDEP_FALSE='#'
AMDEP_TRUE=''
AMTAR='$${TAR-tar}'
AM_BACKSLASH='\'
AM_DEFAULT_V='$(AM_DEFAULT_VERBOSITY)'
AM_DEFAULT_VERBOSITY='1'
AM_V='$(V)'
AUTOCONF='autoconf'
AUTOHEADER='autoheader'
AUTOMAKE='automake-1.15'
AVASTDSUPPORT='!! Not compiled !! '
AWK='gawk'
CC='gcc'
CCDEPMODE='depmode=gcc3'
CFLAGS='-g -O2'
CLAMDSUPPORT='!! Not compiled !! '
COMMANDLINESUPPORT='!! Not compiled !! '
CPP='gcc -E'
CPPFLAGS=''
CXX='g++'
CXXCPP='g++ -E'
CXXDEPMODE='depmode=gcc3'
CXXFLAGS='-g -O2 '
CYGPATH_W='echo'
DEFS='-DHAVE_CONFIG_H'
DEPDIR='.deps'
DGBINDIR='/sbin'
DGCONFDIR='/system/etc/e2guardian'
DGCONFFILE='/system/etc/e2guardian/e2guardian.conf'
DGDATADIR='/share/e2guardian'
DGLIBDIR='/lib/e2guardian'
DGLOGLOCATION='/var/log/e2guardian'
DGPIDDIR='/var/run'
DGPROXYGROUP='nobody'
DGPROXYUSER='nobody'
DNSAUTHSUPPORT='!! Not compiled !! '
ECHO_C=''
ECHO_N='-n'
ECHO_T=''
EGREP='/usr/bin/grep -E'
EMAILSUPPORT='#!! Not compiled !!'
ENABLE_AVASTD_FALSE=''
ENABLE_AVASTD_TRUE='#'
ENABLE_CLAMD_FALSE=''
ENABLE_CLAMD_TRUE='#'
ENABLE_COMMANDLINE_FALSE=''
ENABLE_COMMANDLINE_TRUE='#'
ENABLE_FANCYDM_FALSE='#'
ENABLE_FANCYDM_TRUE=''
ENABLE_ICAP_FALSE=''
ENABLE_ICAP_TRUE='#'
ENABLE_KAVD_FALSE=''
ENABLE_KAVD_TRUE='#'
ENABLE_NTLM_FALSE=''
ENABLE_NTLM_TRUE='#'
ENABLE_TRICKLEDM_FALSE=''
ENABLE_TRICKLEDM_TRUE='#'
EXEEXT=''
FANCYSUPPORT=''
GREP='/usr/bin/grep'
HAVE_PCRE_FALSE=''
HAVE_PCRE_TRUE='#'
ICAPSUPPORT='!! Not compiled !! '
INSTALL_DATA='${INSTALL} -m 644'
INSTALL_PROGRAM='${INSTALL}'
INSTALL_SCRIPT='${INSTALL}'
INSTALL_STRIP_PROGRAM='$(install_sh) -c -s'
KAVDSUPPORT='!! Not compiled !! '
LDFLAGS=' '
LEGACY_LOGSUPPORT=''
LEGACY_LOG_FALSE='#'
LEGACY_LOG_TRUE=''
LIBOBJS=''
LIBS='-lz  '
LN_S='ln -s'
LOCALLISTSSUPPORT='#!! Not compiled !! '
LOCAL_LISTS_FALSE=''
LOCAL_LISTS_TRUE='#'
LTLIBOBJS=''
MAKEINFO='makeinfo'
MKDIR_P='/usr/bin/mkdir -p'
NEED_CSCONFIGS_FALSE=''
NEED_CSCONFIGS_TRUE='#'
NEED_CSLISTS_FALSE=''
NEED_CSLISTS_TRUE='#'
NEED_DMLISTS_FALSE='#'
NEED_DMLISTS_TRUE=''
NTLMSUPPORT='!! Not compiled !! '
OBJEXT='o'
ORIGIPSUPPORT='#!! Not compiled !! '
PACKAGE='e2guardian'
PACKAGE_BUGREPORT=''
PACKAGE_NAME='e2guardian'
PACKAGE_STRING='e2guardian 3.0.4'
PACKAGE_TARNAME='e2guardian'
PACKAGE_URL=''
PACKAGE_VERSION='3.0.4'
PATH_SEPARATOR=':'
PCRE_CFLAGS=''
PCRE_LIBS=''
PKG_CONFIG='/usr/bin/pkg-config'
PKG_CONFIG_LIBDIR=''
PKG_CONFIG_PATH=''
PRT_DNSAUTH_FALSE=''
PRT_DNSAUTH_TRUE='#'
REFEREREXCEPTSUPPORT=''
REFEREREXCEPT_FALSE='#'
REFEREREXCEPT_TRUE=''
RXREDIRECTSSUPPORT=''
RXREDIRECTS_FALSE='#'
RXREDIRECTS_TRUE=''
SEARCHWORDSSUPPORT=''
SEARCHWORDS_FALSE='#'
SEARCHWORDS_TRUE=''
SET_MAKE=''
SHELL='/bin/sh'
SSL_EXTRA_LISTSSUPPORT=''
SSL_EXTRA_LISTS_FALSE='#'
SSL_EXTRA_LISTS_TRUE=''
STRIP=''
TOTALBLOCKSUPPORT='#!! Not compiled !! '
TOTAL_BLOCK_LIST_FALSE=''
TOTAL_BLOCK_LIST_TRUE='#'
TRICKLESUPPORT='#!! Not compiled !! '
VERSION='3.0.4'
ac_ct_CC='gcc'
ac_ct_CXX='g++'
am__EXEEXT_FALSE=''
am__EXEEXT_TRUE='#'
am__fastdepCC_FALSE='#'
am__fastdepCC_TRUE=''
am__fastdepCXX_FALSE='#'
am__fastdepCXX_TRUE=''
am__include='include'
am__isrc=''
am__leading_dot='.'
am__nodep='_no'
am__quote=''
am__tar='$${TAR-tar} chof - "$$tardir"'
am__untar='$${TAR-tar} xf -'
bindir='${exec_prefix}/bin'
build='x86_64-unknown-linux-gnu'
build_alias=''
build_cpu='x86_64'
build_os='linux-gnu'
build_vendor='unknown'
datadir='${datarootdir}'
datarootdir='${prefix}/share'
docdir='${datarootdir}/doc/${PACKAGE_TARNAME}'
dvidir='${docdir}'
exec_prefix='${prefix}'
host_alias=''
htmldir='${docdir}'
includedir='${prefix}/include'
infodir='${datarootdir}/info'
install_sh='${SHELL} /mnt/CM/CM12.1-OSS/external/e2guardian/install-sh'
libdir='${exec_prefix}/lib/e2guardian'
libexecdir='${exec_prefix}/libexec'
localedir='${datarootdir}/locale'
localstatedir='${prefix}/var'
mandir='${datarootdir}/man'
mkdir_p='$(MKDIR_P)'
oldincludedir='/usr/include'
pdfdir='${docdir}'
prefix=''
program_transform_name='s,x,x,'
psdir='${docdir}'
sbindir='${exec_prefix}/sbin'
sharedstatedir='${prefix}/com'
sysconfdir='/system/etc'
target_alias=''

## ----------- ##
## confdefs.h. ##
## ----------- ##

/* confdefs.h */
#define PACKAGE_NAME "e2guardian"
#define PACKAGE_TARNAME "e2guardian"
#define PACKAGE_VERSION "3.0.4"
#define PACKAGE_STRING "e2guardian 3.0.4"
#define PACKAGE_BUGREPORT ""
#define PACKAGE_URL ""
#define PACKAGE "e2guardian"
#define VERSION "3.0.4"
#define STDC_HEADERS 1
#define HAVE_SYS_TYPES_H 1
#define HAVE_SYS_STAT_H 1
#define HAVE_STDLIB_H 1
#define HAVE_STRING_H 1
#define HAVE_MEMORY_H 1
#define HAVE_STRINGS_H 1
#define HAVE_INTTYPES_H 1
#define HAVE_STDINT_H 1
#define HAVE_UNISTD_H 1
#define HAVE_ARPA_INET_H 1
#define HAVE_FCNTL_H 1
#define HAVE_LIMITS_H 1
#define HAVE_NETDB_H 1
#define HAVE_NETINET_IN_H 1
#define HAVE_STDLIB_H 1
#define HAVE_STRING_H 1
#define HAVE_SYS_SOCKET_H 1
#define HAVE_SYS_TIME_H 1
#define HAVE_SYSLOG_H 1
#define HAVE_UNISTD_H 1
#define HAVE_LOCALE_H 1
#define HAVE_SYS_TYPES_H 1
#define HAVE_SYS_UN_H 1
#define HAVE_SYS_POLL_H 1
#define HAVE_SYS_RESOURCE_H 1
#define HAVE_PWD_H 1
#define HAVE_GRP_H 1
#define HAVE_BYTESWAP_H 1
#define HAVE_ZLIB_H 1
#define HAVE_FORK 1
#define HAVE_VFORK 1
#define HAVE_WORKING_VFORK 1
#define HAVE_WORKING_FORK 1
#define HAVE_DUP2 1
#define HAVE_GETTIMEOFDAY 1
#define HAVE_MEMSET 1
#define HAVE_SELECT 1
#define HAVE_STRERROR 1
#define HAVE_STRSTR 1
#define HAVE_STRTOL 1
#define HAVE_SETUID 1
#define HAVE_SETGID 1
#define HAVE_UMASK 1
#define HAVE_SETEUID 1
#define HAVE_SETREUID 1
#define HAVE_SETLOCALE 1
#define HAVE_REGCOMP 1
#define OFFT_COLLISION /**/
#define ENABLE_FANCYDM /**/
#define REFEREREXCEPT /**/
#define RXREDIRECTS /**/
#define ADDHEADER /**/
#define SSL_EXTRA_LISTS /**/
#define SEARCHWORDS /**/
#define LEGACY_LOG /**/
#define DG_CONFIGURE_OPTIONS " '--enable-pcre=no' '--enable-clamd=no' '--enable-segv-backtrace=no' '-enable-avastd=no' '--enable-icap=no' '--enable-kavd=no' '--enable-ntlm=no' '--sysconfdir=/system/etc' '--with-sysconfsubdir=e2guardian' '--prefix='"

configure: exit 0
